[2023-05-16 09:26:20,751] root - INFO - Starting data ingestion
[2023-05-16 09:26:20,770] root - INFO - Exporting data from mongodb to feature store
[2023-05-16 09:26:39,554] root - INFO - Exported dataframe
[2023-05-16 09:26:40,553] root - INFO - Performed train test split on the dataframe
[2023-05-16 09:26:40,554] root - INFO - Exited split_data_as_train_test method of Data_Ingestion class
[2023-05-16 09:26:40,555] root - INFO - Exporting train and test file path.
[2023-05-16 09:26:45,671] root - INFO - Exported train and test file path.
[2023-05-16 09:26:46,551] root - INFO - Data ingestion completed and artifact: DataIngestionArtifact(trained_file_path='artifact\\05_16_2023_09_26_18\\data_ingestion\\ingested\\train.csv', test_file_path='artifact\\05_16_2023_09_26_18\\data_ingestion\\ingested\\test.csv')
[2023-05-16 09:26:49,014] root - INFO - Required number of columns: 164
[2023-05-16 09:26:49,014] root - INFO - Data frame has columns: 164
[2023-05-16 09:26:49,015] root - INFO - Required number of columns: 164
[2023-05-16 09:26:49,015] root - INFO - Data frame has columns: 164
[2023-05-16 09:26:49,015] root - INFO - Missing numerical columns: [[]]
[2023-05-16 09:26:49,016] root - INFO - Missing numerical columns: [[]]
[2023-05-16 09:26:55,799] root - INFO - Data validation artifact: DataValidationArtifact(validation_status=False, valid_train_file_path='artifact\\05_16_2023_09_26_18\\data_ingestion\\ingested\\train.csv', valid_test_file_path='artifact\\05_16_2023_09_26_18\\data_ingestion\\ingested\\test.csv', invalid_train_file_path=None, invalid_test_file_path=None, drift_report_file_path='artifact\\05_16_2023_09_26_18\\data_validation\\drift_report\\report.yaml')
[2023-05-16 09:30:34,629] root - INFO - Entered the save_object method of MainUtils class
[2023-05-16 09:30:34,631] root - INFO - Exited the save_object method of MainUtils class
[2023-05-16 09:30:34,632] root - INFO - Data transformation artifact: DataTransformationArtifact(transformed_object_file_path='artifact\\05_16_2023_09_26_18\\data_transformation\\transformed_object\\preprocessing.pkl', transformed_train_file_path='artifact\\05_16_2023_09_26_18\\data_transformation\\transformed\\train.npy', transformed_test_file_path='artifact\\05_16_2023_09_26_18\\data_transformation\\transformed\\test.npy')
[2023-05-16 09:31:17,884] root - INFO - Entered the save_object method of MainUtils class
[2023-05-16 09:31:17,892] root - INFO - Exited the save_object method of MainUtils class
[2023-05-16 09:31:17,892] root - INFO - Model trainer artifact: ModelTrainerArtifact(trained_model_file_path='artifact\\05_16_2023_09_26_18\\model_trainer\\trained_model\\model.pkl', train_metric_artifact=ClassificationMetricArtifact(f1_score=1.0, precision_score=1.0, recall_score=1.0), test_metric_artifact=ClassificationMetricArtifact(f1_score=0.9968545965781823, precision_score=0.9997132342398317, recall_score=0.9940122606092288))
