[2023-05-13 23:05:21,705] root - INFO - Starting data ingestion
[2023-05-13 23:05:21,719] root - INFO - Exporting data from mongodb to feature store
[2023-05-13 23:05:26,658] root - INFO - Exported dataframe
[2023-05-13 23:05:26,900] root - INFO - Performed train test split on the dataframe
[2023-05-13 23:05:26,900] root - INFO - Exited split_data_as_train_test method of Data_Ingestion class
[2023-05-13 23:05:26,901] root - INFO - Exporting train and test file path.
[2023-05-13 23:05:28,299] root - INFO - Exported train and test file path.
[2023-05-13 23:05:28,514] root - INFO - Data ingestion completed and artifact: DataIngestionArtifact(trained_file_path='artifact\\05_13_2023_23_05_20\\data_ingestion\\ingested\\train.csv', test_file_path='artifact\\05_13_2023_23_05_20\\data_ingestion\\ingested\\test.csv')
[2023-05-13 23:05:28,855] root - INFO - Required number of columns: 164
[2023-05-13 23:05:28,855] root - INFO - Data frame has columns: 164
[2023-05-13 23:05:28,855] root - INFO - Required number of columns: 164
[2023-05-13 23:05:28,855] root - INFO - Data frame has columns: 164
[2023-05-13 23:05:28,855] root - INFO - Missing numerical columns: [[]]
[2023-05-13 23:05:28,855] root - INFO - Missing numerical columns: [[]]
[2023-05-13 23:05:29,447] root - INFO - Data validation artifact: DataValidationArtifact(validation_status=False, valid_train_file_path='artifact\\05_13_2023_23_05_20\\data_ingestion\\ingested\\train.csv', valid_test_file_path='artifact\\05_13_2023_23_05_20\\data_ingestion\\ingested\\test.csv', invalid_train_file_path=None, invalid_test_file_path=None, drift_report_file_path='artifact\\05_13_2023_23_05_20\\data_validation\\drift_report\\report.yaml')
[2023-05-13 23:05:42,156] root - INFO - Entered the save_object method of MainUtils class
[2023-05-13 23:05:42,158] root - INFO - Exited the save_object method of MainUtils class
[2023-05-13 23:05:42,158] root - INFO - Data transformation artifact: DataTransformationArtifact(transformed_object_file_path='artifact\\05_13_2023_23_05_20\\data_transformation\\transformed_object\\preprocessing.pkl', transformed_train_file_path='artifact\\05_13_2023_23_05_20\\data_transformation\\transformed\\train.npy', transformed_test_file_path='artifact\\05_13_2023_23_05_20\\data_transformation\\transformed\\test.npy')
[2023-05-13 23:05:52,501] root - INFO - Entered the save_object method of MainUtils class
[2023-05-13 23:05:52,505] root - INFO - Exited the save_object method of MainUtils class
[2023-05-13 23:05:52,505] root - INFO - Model trainer artifact: ModelTrainerArtifact(trained_model_file_path='artifact\\05_13_2023_23_05_20\\model_trainer\\trained_model\\model.pkl', train_metric_artifact=ClassificationMetricArtifact(f1_score=1.0, precision_score=1.0, recall_score=1.0), test_metric_artifact=ClassificationMetricArtifact(f1_score=0.9854214780600462, precision_score=0.9940302853814793, recall_score=0.976960503720664))
