[2023-05-13 23:13:05,541] root - INFO - Starting data ingestion
[2023-05-13 23:13:05,555] root - INFO - Exporting data from mongodb to feature store
[2023-05-13 23:13:10,590] root - INFO - Exported dataframe
[2023-05-13 23:13:10,851] root - INFO - Performed train test split on the dataframe
[2023-05-13 23:13:10,852] root - INFO - Exited split_data_as_train_test method of Data_Ingestion class
[2023-05-13 23:13:10,852] root - INFO - Exporting train and test file path.
[2023-05-13 23:13:12,286] root - INFO - Exported train and test file path.
[2023-05-13 23:13:12,517] root - INFO - Data ingestion completed and artifact: DataIngestionArtifact(trained_file_path='artifact\\05_13_2023_23_13_04\\data_ingestion\\ingested\\train.csv', test_file_path='artifact\\05_13_2023_23_13_04\\data_ingestion\\ingested\\test.csv')
[2023-05-13 23:13:12,912] root - INFO - Required number of columns: 164
[2023-05-13 23:13:12,912] root - INFO - Data frame has columns: 164
[2023-05-13 23:13:12,912] root - INFO - Required number of columns: 164
[2023-05-13 23:13:12,912] root - INFO - Data frame has columns: 164
[2023-05-13 23:13:12,912] root - INFO - Missing numerical columns: [[]]
[2023-05-13 23:13:12,912] root - INFO - Missing numerical columns: [[]]
[2023-05-13 23:13:13,556] root - INFO - Data validation artifact: DataValidationArtifact(validation_status=False, valid_train_file_path='artifact\\05_13_2023_23_13_04\\data_ingestion\\ingested\\train.csv', valid_test_file_path='artifact\\05_13_2023_23_13_04\\data_ingestion\\ingested\\test.csv', invalid_train_file_path=None, invalid_test_file_path=None, drift_report_file_path='artifact\\05_13_2023_23_13_04\\data_validation\\drift_report\\report.yaml')
[2023-05-13 23:13:25,907] root - INFO - Entered the save_object method of MainUtils class
[2023-05-13 23:13:25,909] root - INFO - Exited the save_object method of MainUtils class
[2023-05-13 23:13:25,909] root - INFO - Data transformation artifact: DataTransformationArtifact(transformed_object_file_path='artifact\\05_13_2023_23_13_04\\data_transformation\\transformed_object\\preprocessing.pkl', transformed_train_file_path='artifact\\05_13_2023_23_13_04\\data_transformation\\transformed\\train.npy', transformed_test_file_path='artifact\\05_13_2023_23_13_04\\data_transformation\\transformed\\test.npy')
[2023-05-13 23:13:35,548] root - INFO - Entered the save_object method of MainUtils class
[2023-05-13 23:13:35,553] root - INFO - Exited the save_object method of MainUtils class
[2023-05-13 23:13:35,553] root - INFO - Model trainer artifact: ModelTrainerArtifact(trained_model_file_path='artifact\\05_13_2023_23_13_04\\model_trainer\\trained_model\\model.pkl', train_metric_artifact=ClassificationMetricArtifact(f1_score=0.9999821501883155, precision_score=1.0, recall_score=0.9999643010138513), test_metric_artifact=ClassificationMetricArtifact(f1_score=0.97158341877838, precision_score=0.9943037025933144, recall_score=0.9498782758126879))
